14:25:56.211835 28-01-2020 | 1422 | lstData.nGlobalIdentifier is set as 0 
 | PreSender() | thread id :140633184995136 | client.cpp:999
14:26:05.370618 28-01-2020 | 1422 |  
 | main() | thread id :140633184995136 | client.cpp:1659
14:26:05.370713 28-01-2020 | 1422 | lstData.nGlobalIdentifier is set as 0 
 | PreSender() | thread id :140633184995136 | client.cpp:999
14:26:05.370794 28-01-2020 | 1422 | Registering message sent.
 | PreSender() | thread id :140633184995136 | client.cpp:1079
14:26:05.371513 28-01-2020 | 1422 |  
 | main() | thread id :140633184995136 | client.cpp:1659
14:26:05.371597 28-01-2020 | 1422 | lstData.nGlobalIdentifier is set as 0 
 | PreSender() | thread id :140633184995136 | client.cpp:999
14:26:05.371850 28-01-2020 | 1422 | Registering message sent.
 | PreSender() | thread id :140633184995136 | client.cpp:1079
14:26:05.372060 28-01-2020 | 1422 |  
 | main() | thread id :140633184995136 | client.cpp:1659
14:26:05.372193 28-01-2020 | 1422 | lstData.nGlobalIdentifier is set as 0 
 | PreSender() | thread id :140633184995136 | client.cpp:999
14:26:05.372280 28-01-2020 | 1422 | Registering message sent.
 | PreSender() | thread id :140633184995136 | client.cpp:1079
14:26:05.372523 28-01-2020 | 1422 |  
 | main() | thread id :140633184995136 | client.cpp:1659
3184995136 | client.cpp:1079
ent.cpp:999
14:26:05.372216 28-01-2020 | 1422 | Releasing sender lock 734 
 | SenderThread() | thread id :140633176598272 | client.cpp:734
14:26:05.372523 28-01-2020 | 1422 |  
 | main() | thread id :140633184995136 | client.cpp:1659
14:26:05.372820 28-01-2020 | 1422 | lstData.nGlobalIdentifier is set as 0 
 | PreSender() | thread id :140633184995136 | client.cpp:999
14:26:05.372892 28-01-2020 | 1422 | Registering message sent.
 | PreSender() | thread id :140633184995136 | client.cpp:1079
14:26:05.373122 28-01-2020 | 1422 |  
 | main() | thread id :140633184995136 | client.cpp:1659
14:26:05.373230 28-01-2020 | 1422 | lstData.nGlobalIdentifier is set as 0 
 | PreSender() | thread id :140633184995136 | client.cpp:999
14:26:05.373328 28-01-2020 | 1422 | Registering message sent.
 | PreSender() | thread id :140633184995136 | client.cpp:1079
14:26:05.373502 28-01-2020 | 1422 |  
 | main() | thread id :140633184995136 | client.cpp:1659
14:26:05.373599 28-01-2020 | 1422 | lstData.nGlobalIdentifier is set as 0 
 | PreSender() | thread id :140633184995136 | client.cpp:999
14:26:05.373736 28-01-2020 | 1422 | Registering message sent.
 | PreSender() | thread id :140633184995136 | client.cpp:1079
14:26:05.373989 28-01-2020 | 1422 |  
 | main() | thread id :140633184995136 | client.cpp:1659
14:26:05.374051 28-01-2020 | 1422 | lstData.nGlobalIdentifier is set as 0 
 | PreSender() | thread id :140633184995136 | client.cpp:999
14:26:05.374147 28-01-2020 | 1422 | Registering message sent.
 | PreSender() | thread id :140633184995136 | client.cpp:1079
14:26:05.374610 28-01-2020 | 1422 |  
 | main() | thread id :140633184995136 | client.cpp:1659
14:26:05.374684 28-01-2020 | 1422 | lstData.nGlobalIdentifier is set as 0 
 | PreSender() | thread id :140633184995136 | client.cpp:999
14:26:05.374817 28-01-2020 | 1422 | Registering message sent.
 | PreSender() | thread id :140633184995136 | client.cpp:1079
14:26:05.375032 28-01-2020 | 1422 |  
 | main() | thread id :140633184995136 | client.cpp:1659
14:26:05.375138 28-01-2020 | 1422 | lstData.nGlobalIdentifier is set as 0 
 | PreSender() | thread id :140633184995136 | client.cpp:999
14:26:05.375211 28-01-2020 | 1422 | Registering message sent.
 | PreSender() | thread id :140633184995136 | client.cpp:1079
14:26:05.375422 28-01-2020 | 1422 |  
 | main() | thread id :140633184995136 | client.cpp:1659
14:26:05.375554 28-01-2020 | 1422 | lstData.nGlobalIdentifier is set as 0 
 | PreSender() | thread id :140633184995136 | client.cpp:999
14:26:05.375652 28-01-2020 | 1422 | Registering message sent.
 | PreSender() | thread id :140633184995136 | client.cpp:1079
ent.cpp:999
125 28-01-2020 | 1422 | adding to resender store : resend time 1582880175 count 3 message code 1001 | AddResendingMessageToEventStoreWithCount() | thread id :140633176598272 | client.cpp:288
14:26:05.375652 28-01-2020 | 1422 | Registering message sent.
 | PreSender() | thread id :140633184995136 | client.cpp:1079
14:26:05.376028 28-01-2020 | 1422 |  
 | main() | thread id :140633184995136 | client.cpp:1659
14:26:05.384369 28-01-2020 | 1422 | Releasing sender lock 734 
 | SenderThread() | thread id :140633176598272 | client.cpp:734
14:26:05.388192 28-01-2020 | 1422 | Releasing sender lock 734 
 | SenderThread() | thread id :140633176598272 | client.cpp:734
14:26:05.391672 28-01-2020 | 1422 | Releasing sender lock 734 
 | SenderThread() | thread id :140633176598272 | client.cpp:734
14:26:05.397465 28-01-2020 | 1422 | Getting into loop of order packet 0 | RecieverThread() | thread id :140633184990976 | client.cpp:818
14:26:05.397605 28-01-2020 | 1422 | Current latest seqno is 0 | RecieverThread() | thread id :140633184990976 | client.cpp:819
14:26:05.397839 28-01-2020 | 1422 | the message code is 1002 | RecieverThread() | thread id :140633184990976 | client.cpp:820
14:26:05.397895 28-01-2020 | 1422 | the Identifer is a | RecieverThread() | thread id :140633184990976 | client.cpp:821
14:26:05.398016 28-01-2020 | 1422 | the Identifer is  | RecieverThread() | thread id :140633184990976 | client.cpp:822
14:26:05.398121 28-01-2020 | 1422 | response recieved now erasing from resender store early
 | RecieverThread() | thread id :140633184990976 | client.cpp:948
14:26:05.398249 28-01-2020 | 1422 | data being removed for a mesage code 1001 seqno 0 current latestseqno 0 
 | RecieverThread() | thread id :140633184990976 | client.cpp:949
14:26:05.398339 28-01-2020 | 1422 | response recieved 0 
 | ExecuteResponse() | thread id :140633184990976 | client.cpp:532
14:26:05.398426 28-01-2020 | 1422 | Identifier Registered a 
 | ExecuteResponse() | thread id :140633184990976 | client.cpp:533
14:26:05.398578 28-01-2020 | 1422 | Server : 1002
 | RecieverThread() | thread id :140633184990976 | client.cpp:986
ent.cpp:533
6:05.398394 28-01-2020 | 1422 | Releasing sender lock 734 
 | SenderThread() | thread id :140633176598272 | client.cpp:734
14:26:05.398578 28-01-2020 | 1422 | Server : 1002
 | RecieverThread() | thread id :140633184990976 | client.cpp:986
14:26:05.400702 28-01-2020 | 1422 | adding to resender store : resend time 1582880164 count 3 message code 1003 | AddResendingMessageToEventStoreWithCount() | thread id :140633176598272 | client.cpp:288
14:26:05.403709 28-01-2020 | 1422 | Releasing sender lock 734 
 | SenderThread() | thread id :140633176598272 | client.cpp:734
14:26:05.407957 28-01-2020 | 1422 | Releasing sender lock 734 
 | SenderThread() | thread id :140633176598272 | client.cpp:734
14:26:05.410028 28-01-2020 | 1422 | Releasing sender lock 734 
 | SenderThread() | thread id :140633176598272 | client.cpp:734
14:26:05.411946 28-01-2020 | 1422 | Releasing sender lock 734 
 | SenderThread() | thread id :140633176598272 | client.cpp:734
14:26:05.419117 28-01-2020 | 1422 | Releasing sender lock 734 
 | SenderThread() | thread id :140633176598272 | client.cpp:734
14:26:05.421573 28-01-2020 | 1422 | Releasing sender lock 734 
 | SenderThread() | thread id :140633176598272 | client.cpp:734
14:26:15.022235 28-01-2020 | 1422 | Getting into loop of order packet 0 | RecieverThread() | thread id :140633184990976 | client.cpp:818
14:26:15.022332 28-01-2020 | 1422 | Current latest seqno is 0 | RecieverThread() | thread id :140633184990976 | client.cpp:819
14:26:15.022466 28-01-2020 | 1422 | the message code is 1002 | RecieverThread() | thread id :140633184990976 | client.cpp:820
14:26:15.022563 28-01-2020 | 1422 | the Identifer is a | RecieverThread() | thread id :140633184990976 | client.cpp:821
14:26:15.022685 28-01-2020 | 1422 | the Identifer is  | RecieverThread() | thread id :140633184990976 | client.cpp:822
14:26:15.022723 28-01-2020 | 1422 | duplicate packet 
 | RecieverThread() | thread id :140633184990976 | client.cpp:922
14:26:15.022894 28-01-2020 | 1422 | RS  duplicated  rejected code  0  command :  0 | RecieverThread() | thread id :140633184990976 | client.cpp:923
