14:26:33.140048 28-01-2020 | 1442 | lstData.nGlobalIdentifier is set as 0 
 | PreSender() | thread id :140475531913024 | client.cpp:999
14:26:47.511271 28-01-2020 | 1442 | 2323 
 | main() | thread id :140475531913024 | client.cpp:1659
14:26:47.511455 28-01-2020 | 1442 | lstData.nGlobalIdentifier is set as 0 
 | PreSender() | thread id :140475531913024 | client.cpp:999
14:26:47.511575 28-01-2020 | 1442 | Registering message sent.
 | PreSender() | thread id :140475531913024 | client.cpp:1079
14:26:47.511805 28-01-2020 | 1442 |  
 | main() | thread id :140475531913024 | client.cpp:1659
14:26:47.511975 28-01-2020 | 1442 | lstData.nGlobalIdentifier is set as 0 
 | PreSender() | thread id :140475531913024 | client.cpp:999
14:26:47.512344 28-01-2020 | 1442 | Registering message sent.
 | PreSender() | thread id :140475531913024 | client.cpp:1079
14:26:47.512455 28-01-2020 | 1442 |  
 | main() | thread id :140475531913024 | client.cpp:1659
14:26:47.512596 28-01-2020 | 1442 | lstData.nGlobalIdentifier is set as 0 
 | PreSender() | thread id :140475531913024 | client.cpp:999
14:26:47.512676 28-01-2020 | 1442 | Registering message sent.
 | PreSender() | thread id :140475531913024 | client.cpp:1079
14:26:47.512801 28-01-2020 | 1442 |  
 | main() | thread id :140475531913024 | client.cpp:1659
14:26:47.512964 28-01-2020 | 1442 | lstData.nGlobalIdentifier is set as 0 
 | PreSender() | thread id :140475531913024 | client.cpp:999
14:26:47.513114 28-01-2020 | 1442 | Registering message sent.
 | PreSender() | thread id :140475531913024 | client.cpp:1079
14:26:47.513277 28-01-2020 | 1442 |  
 | main() | thread id :140475531913024 | client.cpp:1659
14:26:47.513412 28-01-2020 | 1442 | lstData.nGlobalIdentifier is set as 0 
 | PreSender() | thread id :140475531913024 | client.cpp:999
14:26:47.513481 28-01-2020 | 1442 | Registering message sent.
 | PreSender() | thread id :140475531913024 | client.cpp:1079
14:26:47.513786 28-01-2020 | 1442 |  
 | main() | thread id :140475531913024 | client.cpp:1659
14:26:47.513897 28-01-2020 | 1442 | lstData.nGlobalIdentifier is set as 0 
 | PreSender() | thread id :140475531913024 | client.cpp:999
14:26:47.513990 28-01-2020 | 1442 | Registering message sent.
 | PreSender() | thread id :140475531913024 | client.cpp:1079
14:26:47.514102 28-01-2020 | 1442 |  
 | main() | thread id :140475531913024 | client.cpp:1659
14:26:47.514293 28-01-2020 | 1442 | lstData.nGlobalIdentifier is set as 0 
 | PreSender() | thread id :140475531913024 | client.cpp:999
14:26:47.514435 28-01-2020 | 1442 | Registering message sent.
 | PreSender() | thread id :140475531913024 | client.cpp:1079
14:26:47.514536 28-01-2020 | 1442 |  
 | main() | thread id :140475531913024 | client.cpp:1659
14:26:47.514682 28-01-2020 | 1442 | lstData.nGlobalIdentifier is set as 0 
 | PreSender() | thread id :140475531913024 | client.cpp:999
14:26:47.514915 28-01-2020 | 1442 | Registering message sent.
 | PreSender() | thread id :140475531913024 | client.cpp:1079
14:26:47.515099 28-01-2020 | 1442 |  
 | main() | thread id :140475531913024 | client.cpp:1659
14:26:47.515243 28-01-2020 | 1442 | lstData.nGlobalIdentifier is set as 0 
 | PreSender() | thread id :140475531913024 | client.cpp:999
14:26:47.517299 28-01-2020 | 1442 | Registering message sent.
 | PreSender() | thread id :140475531913024 | client.cpp:1079
14:26:47.517954 28-01-2020 | 1442 |  
 | main() | thread id :140475531913024 | client.cpp:1659
14:26:47.518057 28-01-2020 | 1442 | lstData.nGlobalIdentifier is set as 0 
 | PreSender() | thread id :140475531913024 | client.cpp:999
14:26:47.518138 28-01-2020 | 1442 | Registering message sent.
 | PreSender() | thread id :140475531913024 | client.cpp:1079
14:26:47.518447 28-01-2020 | 1442 |  
 | main() | thread id :140475531913024 | client.cpp:1659
14:26:47.518548 28-01-2020 | 1442 | lstData.nGlobalIdentifier is set as 0 
 | PreSender() | thread id :140475531913024 | client.cpp:999
14:26:47.518688 28-01-2020 | 1442 | Registering message sent.
 | PreSender() | thread id :140475531913024 | client.cpp:1079
14:26:47.523076 28-01-2020 | 1442 |  
 | main() | thread id :140475531913024 | client.cpp:1659
14:26:47.523341 28-01-2020 | 1442 | lstData.nGlobalIdentifier is set as 0 
 | PreSender() | thread id :140475531913024 | client.cpp:999
14:26:47.523466 28-01-2020 | 1442 | Registering message sent.
 | PreSender() | thread id :140475531913024 | client.cpp:1079
14:26:47.523754 28-01-2020 | 1442 |  
 | main() | thread id :140475531913024 | client.cpp:1659
14:26:47.523949 28-01-2020 | 1442 | lstData.nGlobalIdentifier is set as 0 
 | PreSender() | thread id :140475531913024 | client.cpp:999
14:26:47.523990 28-01-2020 | 1442 | Registering message sent.
 | PreSender() | thread id :140475531913024 | client.cpp:1079
14:26:47.524300 28-01-2020 | 1442 |  
 | main() | thread id :140475531913024 | client.cpp:1659
14:26:47.524409 28-01-2020 | 1442 | lstData.nGlobalIdentifier is set as 0 
 | PreSender() | thread id :140475531913024 | client.cpp:999
14:26:47.524539 28-01-2020 | 1442 | Registering message sent.
 | PreSender() | thread id :140475531913024 | client.cpp:1079
14:26:47.524791 28-01-2020 | 1442 |  
 | main() | thread id :140475531913024 | client.cpp:1659
14:26:47.524960 28-01-2020 | 1442 | lstData.nGlobalIdentifier is set as 0 
 | PreSender() | thread id :140475531913024 | client.cpp:999
14:26:47.525090 28-01-2020 | 1442 | Registering message sent.
 | PreSender() | thread id :140475531913024 | client.cpp:1079
14:26:47.525344 28-01-2020 | 1442 |  
 | main() | thread id :140475531913024 | client.cpp:1659
14:26:47.525513 28-01-2020 | 1442 | lstData.nGlobalIdentifier is set as 0 
 | PreSender() | thread id :140475531913024 | client.cpp:999
14:26:47.525548 28-01-2020 | 1442 | Registering message sent.
 | PreSender() | thread id :140475531913024 | client.cpp:1079
14:26:47.525789 28-01-2020 | 1442 |  
 | main() | thread id :140475531913024 | client.cpp:1659
14:26:47.525928 28-01-2020 | 1442 | lstData.nGlobalIdentifier is set as 0 
 | PreSender() | thread id :140475531913024 | client.cpp:999
14:26:47.526088 28-01-2020 | 1442 | Registering message sent.
 | PreSender() | thread id :140475531913024 | client.cpp:1079
14:26:47.526312 28-01-2020 | 1442 |  
 | main() | thread id :140475531913024 | client.cpp:1659
14:26:47.526486 28-01-2020 | 1442 | lstData.nGlobalIdentifier is set as 0 
 | PreSender() | thread id :140475531913024 | client.cpp:999
14:26:47.528617 28-01-2020 | 1442 | Registering message sent.
 | PreSender() | thread id :140475531913024 | client.cpp:1079
14:26:47.531264 28-01-2020 | 1442 |  
 | main() | thread id :140475531913024 | client.cpp:1659
14:26:47.531583 28-01-2020 | 1442 | lstData.nGlobalIdentifier is set as 0 
 | PreSender() | thread id :140475531913024 | client.cpp:999
14:26:47.531718 28-01-2020 | 1442 | Registering message sent.
 | PreSender() | thread id :140475531913024 | client.cpp:1079
ent.cpp:999
sing sender lock 734 
 | SenderThread() | thread id :140475523516160 | client.cpp:734
14:26:47.531718 28-01-2020 | 1442 | Registering message sent.
 | PreSender() | thread id :140475531913024 | client.cpp:1079
14:26:47.532160 28-01-2020 | 1442 |  
 | main() | thread id :140475531913024 | client.cpp:1659
14:26:47.532473 28-01-2020 | 1442 | lstData.nGlobalIdentifier is set as 0 
 | PreSender() | thread id :140475531913024 | client.cpp:999
14:26:47.532529 28-01-2020 | 1442 | Registering message sent.
 | PreSender() | thread id :140475531913024 | client.cpp:1079
14:26:47.532789 28-01-2020 | 1442 |  
 | main() | thread id :140475531913024 | client.cpp:1659
14:26:47.533030 28-01-2020 | 1442 | lstData.nGlobalIdentifier is set as 0 
 | PreSender() | thread id :140475531913024 | client.cpp:999
14:26:47.533150 28-01-2020 | 1442 | Registering message sent.
 | PreSender() | thread id :140475531913024 | client.cpp:1079
14:26:47.533360 28-01-2020 | 1442 |  
 | main() | thread id :140475531913024 | client.cpp:1659
14:26:47.533543 28-01-2020 | 1442 | lstData.nGlobalIdentifier is set as 0 
 | PreSender() | thread id :140475531913024 | client.cpp:999
14:26:47.533655 28-01-2020 | 1442 | Registering message sent.
 | PreSender() | thread id :140475531913024 | client.cpp:1079
14:26:47.533937 28-01-2020 | 1442 |  
 | main() | thread id :140475531913024 | client.cpp:1659
14:26:47.534141 28-01-2020 | 1442 | lstData.nGlobalIdentifier is set as 0 
 | PreSender() | thread id :140475531913024 | client.cpp:999
14:26:47.534316 28-01-2020 | 1442 | Registering message sent.
 | PreSender() | thread id :140475531913024 | client.cpp:1079
ent.cpp:999
14:26:47.533610 28-01-2020 | 1442 | adding to resender store : resend time 1582880217 count 3 message code 2323 | AddResendingMessageToEventStoreWithCount() | thread id :140475523516160 | client.cpp:288
14:26:47.534316 28-01-2020 | 1442 | Registering message sent.
 | PreSender() | thread id :140475531913024 | client.cpp:1079
14:26:47.534999 28-01-2020 | 1442 |  
 | main() | thread id :140475531913024 | client.cpp:1659
14:26:47.540153 28-01-2020 | 1442 | Releasing sender lock 734 
 | SenderThread() | thread id :140475523516160 | client.cpp:734
14:26:47.540720 28-01-2020 | 1442 | adding to resender store : resend time 1582880206 count 3 message code 1003 | AddResendingMessageToEventStoreWithCount() | thread id :140475523516160 | client.cpp:288
14:26:47.543157 28-01-2020 | 1442 | Releasing sender lock 734 
 | SenderThread() | thread id :140475523516160 | client.cpp:734
14:26:47.552470 28-01-2020 | 1442 | Releasing sender lock 734 
 | SenderThread() | thread id :140475523516160 | client.cpp:734
14:26:47.560554 28-01-2020 | 1442 | Releasing sender lock 734 
 | SenderThread() | thread id :140475523516160 | client.cpp:734
14:26:47.570825 28-01-2020 | 1442 | Releasing sender lock 734 
 | SenderThread() | thread id :140475523516160 | client.cpp:734
14:26:47.572374 28-01-2020 | 1442 | Releasing sender lock 734 
 | SenderThread() | thread id :140475523516160 | client.cpp:734
14:26:47.574066 28-01-2020 | 1442 | Releasing sender lock 734 
 | SenderThread() | thread id :140475523516160 | client.cpp:734
14:26:47.575845 28-01-2020 | 1442 | Releasing sender lock 734 
 | SenderThread() | thread id :140475523516160 | client.cpp:734
14:26:47.577096 28-01-2020 | 1442 | Releasing sender lock 734 
 | SenderThread() | thread id :140475523516160 | client.cpp:734
14:26:47.578283 28-01-2020 | 1442 | Releasing sender lock 734 
 | SenderThread() | thread id :140475523516160 | client.cpp:734
14:26:47.578934 28-01-2020 | 1442 | Releasing sender lock 734 
 | SenderThread() | thread id :140475523516160 | client.cpp:734
14:26:47.579571 28-01-2020 | 1442 | Releasing sender lock 734 
 | SenderThread() | thread id :140475523516160 | client.cpp:734
14:26:47.580234 28-01-2020 | 1442 | Releasing sender lock 734 
 | SenderThread() | thread id :140475523516160 | client.cpp:734
14:26:47.583867 28-01-2020 | 1442 | Releasing sender lock 734 
 | SenderThread() | thread id :140475523516160 | client.cpp:734
14:26:47.584817 28-01-2020 | 1442 | Releasing sender lock 734 
 | SenderThread() | thread id :140475523516160 | client.cpp:734
14:26:47.585396 28-01-2020 | 1442 | Releasing sender lock 734 
 | SenderThread() | thread id :140475523516160 | client.cpp:734
14:26:47.585953 28-01-2020 | 1442 | Releasing sender lock 734 
 | SenderThread() | thread id :140475523516160 | client.cpp:734
14:26:47.586538 28-01-2020 | 1442 | Releasing sender lock 734 
 | SenderThread() | thread id :140475523516160 | client.cpp:734
14:26:47.587214 28-01-2020 | 1442 | Releasing sender lock 734 
 | SenderThread() | thread id :140475523516160 | client.cpp:734
14:26:47.587793 28-01-2020 | 1442 | Releasing sender lock 734 
 | SenderThread() | thread id :140475523516160 | client.cpp:734
14:26:47.591547 28-01-2020 | 1442 | Releasing sender lock 734 
 | SenderThread() | thread id :140475523516160 | client.cpp:734
14:26:47.592109 28-01-2020 | 1442 | Releasing sender lock 734 
 | SenderThread() | thread id :140475523516160 | client.cpp:734
14:26:47.592683 28-01-2020 | 1442 | Releasing sender lock 734 
 | SenderThread() | thread id :140475523516160 | client.cpp:734
