18:12:45.85543 29-8-119 | Thread : Sender Thread | SenderThread() | thread id :140377452238592 | Source.cpp:1230
18:12:45.85543 29-8-119 | Thread : Sender Thread | SenderThread() | thread id :140377452238592 | Source.cpp:1230
18:12:45.85830 29-8-119 | Thread : Reciever Thread | RecieverThread() | thread id :140377460631296 | Source.cpp:644
18:12:45.91412 29-8-119 | Thread : Process Thread | ProcessThread() | thread id :140377435453184 | Source.cpp:1106
18:12:45.91664 29-8-119 | Thread getting inside loop  | ProcessThread() | thread id :140377435453184 | Source.cpp:1113
18:12:45.91775 29-8-119 | taking conditional lock  | ProcessThread() | thread id :140377435453184 | Source.cpp:1131
18:12:45.91775 29-8-119 | taking conditional lock  | ProcessThread() | thread id :140377435453184 | Source.cpp:1131
13
2:45.91537 29-8-119 | Thread : main Thread | main() | thread id :140377479407424 | Source.cpp:1493
18:12:45.91775 29-8-119 | taking conditional lock  | ProcessThread() | thread id :140377435453184 | Source.cpp:1131
13
2:45.91537 29-8-119 | Thread : main Thread | main() | thread id :140377479407424 | Source.cpp:1493
18:12:45.91552 29-8-119 | Thread : Process Thread | ProcessThread() | thread id :140377410275072 | Source.cpp:1106
18:12:45.92367 29-8-119 | Thread getting inside loop  | ProcessThread() | thread id :140377410275072 | Source.cpp:1113
18:12:45.92499 29-8-119 | taking conditional lock  | ProcessThread() | thread id :140377410275072 | Source.cpp:1131
18:12:45.92499 29-8-119 | taking conditional lock  | ProcessThread() | thread id :140377410275072 | Source.cpp:1131
13
2:45.91537 29-8-119 | Thread : main Thread | main() | thread id :140377479407424 | Source.cpp:1493
18:12:45.91552 29-8-119 | Thread : Process Thread | ProcessThread() | thread id :140377410275072 | Source.cpp:1106
18:12:45.91576 29-8-119 | Thread : Process Thread | ProcessThread() | thread id :140377418667776 | Source.cpp:1106
18:12:45.92670 29-8-119 | Thread getting inside loop  | ProcessThread() | thread id :140377418667776 | Source.cpp:1113
18:12:45.92772 29-8-119 | taking conditional lock  | ProcessThread() | thread id :140377418667776 | Source.cpp:1131
18:12:45.92772 29-8-119 | taking conditional lock  | ProcessThread() | thread id :140377418667776 | Source.cpp:1131
13
2:45.91537 29-8-119 | Thread : main Thread | main() | thread id :140377479407424 | Source.cpp:1493
18:12:45.91552 29-8-119 | Thread : Process Thread | ProcessThread() | thread id :140377410275072 | Source.cpp:1106
18:12:45.91576 29-8-119 | Thread : Process Thread | ProcessThread() | thread id :140377418667776 | Source.cpp:1106
18:12:45.91592 29-8-119 | Thread : Process Thread | ProcessThread() | thread id :140377427060480 | Source.cpp:1106
18:12:45.92957 29-8-119 | Thread getting inside loop  | ProcessThread() | thread id :140377427060480 | Source.cpp:1113
18:12:45.93052 29-8-119 | taking conditional lock  | ProcessThread() | thread id :140377427060480 | Source.cpp:1131
18:13:4.938858 29-8-119 |  packet with message identifier :  54519080196094248250845270hxr | RecieverThread() | thread id :140377460631296 | Source.cpp:675
18:13:4.940286 29-8-119 |  packet with data from  ABC | RecieverThread() | thread id :140377460631296 | Source.cpp:676
18:13:4.941271 29-8-119 |  packet with data from  1001 | RecieverThread() | thread id :140377460631296 | Source.cpp:677
18:13:4.942244 29-8-119 |  packet with current seqno  0 | RecieverThread() | thread id :140377460631296 | Source.cpp:678
18:13:4.942877 29-8-119 |  packet with last recieved seqno  0 | RecieverThread() | thread id :140377460631296 | Source.cpp:679
18:13:4.943205 29-8-119 | duplicate packet Rejction started and lesser seq no rejection  | RecieverThread() | thread id :140377460631296 | Source.cpp:700
18:13:4.944192 29-8-119 | DeleteMsgFromResenderStoreByUniqueIdentifier started | RecieverThread() | thread id :140377460631296 | Source.cpp:799
18:13:4.944466 29-8-119 | started deleting messages | DeleteMsgFromResenderStoreByUniqueIdentifier() | thread id :140377460631296 | Source.cpp:994
18:13:4.944582 29-8-119 | the seq no is  0  the LatestRecieved Seq no is  0  from user id and name  ABC   0 | DeleteMsgFromResenderStoreByUniqueIdentifier() | thread id :140377460631296 | Source.cpp:1007
18:13:4.946513 29-8-119 | finished deleting messages | DeleteMsgFromResenderStoreByUniqueIdentifier() | thread id :140377460631296 | Source.cpp:1042
18:13:4.946873 29-8-119 | unlocking mutex after conditional lock  | ProcessThread() | thread id :140377435453184 | Source.cpp:1133
18:13:4.947122 29-8-119 | Process fired | ProcessThread() | thread id :140377435453184 | Source.cpp:1153
18:13:4.948073 29-8-119 | the thread no is 724350720   | ProcessThread() | thread id :140377435453184 | Source.cpp:1157
18:13:4.950013 29-8-119 | not a dummy message | ProcessThread() | thread id :140377435453184 | Source.cpp:1189
18:13:4.950607 29-8-119 | Thread getting inside loop  | ProcessThread() | thread id :140377435453184 | Source.cpp:1113
18:13:4.951013 29-8-119 | taking conditional lock  | ProcessThread() | thread id :140377435453184 | Source.cpp:1131
18:13:4.951013 29-8-119 | taking conditional lock  | ProcessThread() | thread id :140377435453184 | Source.cpp:1131
18:13:4.951053 29-8-119 | this is a new unique message | IsMessageUniqueSoAddToResenderStore() | thread id :140377452238592 | Source.cpp:1062
18:13:8.38784 29-8-119 |  packet with message identifier :  33691574464778456725623052zgi | RecieverThread() | thread id :140377460631296 | Source.cpp:675
18:13:8.39170 29-8-119 |  packet with data from  QWE | RecieverThread() | thread id :140377460631296 | Source.cpp:676
18:13:8.40127 29-8-119 |  packet with data from  1001 | RecieverThread() | thread id :140377460631296 | Source.cpp:677
18:13:8.41087 29-8-119 |  packet with current seqno  0 | RecieverThread() | thread id :140377460631296 | Source.cpp:678
18:13:8.42058 29-8-119 |  packet with last recieved seqno  0 | RecieverThread() | thread id :140377460631296 | Source.cpp:679
18:13:8.42573 29-8-119 | duplicate packet Rejction started and lesser seq no rejection  | RecieverThread() | thread id :140377460631296 | Source.cpp:700
18:13:8.43072 29-8-119 | DeleteMsgFromResenderStoreByUniqueIdentifier started | RecieverThread() | thread id :140377460631296 | Source.cpp:799
18:13:8.43274 29-8-119 | started deleting messages | DeleteMsgFromResenderStoreByUniqueIdentifier() | thread id :140377460631296 | Source.cpp:994
18:13:8.44030 29-8-119 | the seq no is  0  the LatestRecieved Seq no is  0  from user id and name  QWE   0 | DeleteMsgFromResenderStoreByUniqueIdentifier() | thread id :140377460631296 | Source.cpp:1007
18:13:8.44994 29-8-119 | 54519080196094248250845270hxr | DeleteMsgFromResenderStoreByUniqueIdentifier() | thread id :140377460631296 | Source.cpp:1011
18:13:8.45082 29-8-119 | finished deleting messages | DeleteMsgFromResenderStoreByUniqueIdentifier() | thread id :140377460631296 | Source.cpp:1042
18:13:8.46839 29-8-119 | unlocking mutex after conditional lock  | ProcessThread() | thread id :140377410275072 | Source.cpp:1133
18:13:8.46949 29-8-119 | Process fired | ProcessThread() | thread id :140377410275072 | Source.cpp:1153
18:13:8.48007 29-8-119 | the thread no is 699172608   | ProcessThread() | thread id :140377410275072 | Source.cpp:1157
18:13:8.48903 29-8-119 | not a dummy message | ProcessThread() | thread id :140377410275072 | Source.cpp:1189
18:13:8.49874 29-8-119 | Thread getting inside loop  | ProcessThread() | thread id :140377410275072 | Source.cpp:1113
18:13:8.50831 29-8-119 | taking conditional lock  | ProcessThread() | thread id :140377410275072 | Source.cpp:1131
18:13:8.49878 29-8-119 | this is a new unique message | IsMessageUniqueSoAddToResenderStore() | thread id :140377452238592 | Source.cpp:1062
18:13:11.856431 29-8-119 |  packet with message identifier :  55292484498550412025725277jfp | RecieverThread() | thread id :140377460631296 | Source.cpp:675
18:13:11.857339 29-8-119 |  packet with data from  ABC | RecieverThread() | thread id :140377460631296 | Source.cpp:676
18:13:11.858315 29-8-119 |  packet with data from  1003 | RecieverThread() | thread id :140377460631296 | Source.cpp:677
18:13:11.858834 29-8-119 |  packet with current seqno  1 | RecieverThread() | thread id :140377460631296 | Source.cpp:678
18:13:11.859293 29-8-119 |  packet with last recieved seqno  1 | RecieverThread() | thread id :140377460631296 | Source.cpp:679
18:13:11.860273 29-8-119 | duplicate packet Rejction started and lesser seq no rejection  | RecieverThread() | thread id :140377460631296 | Source.cpp:700
18:13:11.861267 29-8-119 | DeleteMsgFromResenderStoreByUniqueIdentifier started | RecieverThread() | thread id :140377460631296 | Source.cpp:799
18:13:11.861465 29-8-119 | started deleting messages | DeleteMsgFromResenderStoreByUniqueIdentifier() | thread id :140377460631296 | Source.cpp:994
18:13:11.862228 29-8-119 | the seq no is  1  the LatestRecieved Seq no is  1  from user id and name  ABC   0 | DeleteMsgFromResenderStoreByUniqueIdentifier() | thread id :140377460631296 | Source.cpp:1007
18:13:11.862316 29-8-119 | 54519080196094248250845270hxr | DeleteMsgFromResenderStoreByUniqueIdentifier() | thread id :140377460631296 | Source.cpp:1011
18:13:11.862849 29-8-119 | deleting all lower seqno for user id 0 | DeleteMsgFromResenderStoreByUniqueIdentifier() | thread id :140377460631296 | Source.cpp:1015
18:13:11.863202 29-8-119 | 33691574464778456725623052zgi | DeleteMsgFromResenderStoreByUniqueIdentifier() | thread id :140377460631296 | Source.cpp:1011
18:13:11.864181 29-8-119 | finished deleting messages | DeleteMsgFromResenderStoreByUniqueIdentifier() | thread id :140377460631296 | Source.cpp:1042
18:13:11.865184 29-8-119 | unlocking mutex after conditional lock  | ProcessThread() | thread id :140377418667776 | Source.cpp:1133
18:13:11.866139 29-8-119 | Process fired | ProcessThread() | thread id :140377418667776 | Source.cpp:1153
18:13:11.866830 29-8-119 | the thread no is 707565312   | ProcessThread() | thread id :140377418667776 | Source.cpp:1157
18:13:11.868117 29-8-119 | not a dummy message | ProcessThread() | thread id :140377418667776 | Source.cpp:1189
18:13:11.878814 29-8-119 | Thread getting inside loop  | ProcessThread() | thread id :140377418667776 | Source.cpp:1113
18:13:11.879790 29-8-119 | taking conditional lock  | ProcessThread() | thread id :140377418667776 | Source.cpp:1131
18:13:11.879790 29-8-119 | taking conditional lock  | ProcessThread() | thread id :140377418667776 | Source.cpp:1131
13
18:13:11.878861 29-8-119 | this is a new unique message | IsMessageUniqueSoAddToResenderStore() | thread id :140377452238592 | Source.cpp:1062
18:13:14.395021 29-8-119 |  packet with message identifier :  61319257091838512392540070rdg | RecieverThread() | thread id :140377460631296 | Source.cpp:675
18:13:14.396032 29-8-119 |  packet with data from  QWE | RecieverThread() | thread id :140377460631296 | Source.cpp:676
18:13:14.396508 29-8-119 |  packet with data from  1003 | RecieverThread() | thread id :140377460631296 | Source.cpp:677
18:13:14.396965 29-8-119 |  packet with current seqno  1 | RecieverThread() | thread id :140377460631296 | Source.cpp:678
18:13:14.397947 29-8-119 |  packet with last recieved seqno  1 | RecieverThread() | thread id :140377460631296 | Source.cpp:679
18:13:14.398037 29-8-119 | duplicate packet Rejction started and lesser seq no rejection  | RecieverThread() | thread id :140377460631296 | Source.cpp:700
18:13:14.398132 29-8-119 | DeleteMsgFromResenderStoreByUniqueIdentifier started | RecieverThread() | thread id :140377460631296 | Source.cpp:799
18:13:14.398206 29-8-119 | started deleting messages | DeleteMsgFromResenderStoreByUniqueIdentifier() | thread id :140377460631296 | Source.cpp:994
18:13:14.398280 29-8-119 | the seq no is  1  the LatestRecieved Seq no is  1  from user id and name  QWE   1 | DeleteMsgFromResenderStoreByUniqueIdentifier() | thread id :140377460631296 | Source.cpp:1007
18:13:14.398353 29-8-119 | 33691574464778456725623052zgi | DeleteMsgFromResenderStoreByUniqueIdentifier() | thread id :140377460631296 | Source.cpp:1011
18:13:14.398425 29-8-119 | deleting all lower seqno for user id 1 | DeleteMsgFromResenderStoreByUniqueIdentifier() | thread id :140377460631296 | Source.cpp:1015
18:13:14.398566 29-8-119 | 55292484498550412025725277jfp | DeleteMsgFromResenderStoreByUniqueIdentifier() | thread id :140377460631296 | Source.cpp:1011
18:13:14.398772 29-8-119 | finished deleting messages | DeleteMsgFromResenderStoreByUniqueIdentifier() | thread id :140377460631296 | Source.cpp:1042
18:13:14.399061 29-8-119 | unlocking mutex after conditional lock  | ProcessThread() | thread id :140377427060480 | Source.cpp:1133
18:13:14.399178 29-8-119 | Process fired | ProcessThread() | thread id :140377427060480 | Source.cpp:1153
18:13:14.399482 29-8-119 | the thread no is 715958016   | ProcessThread() | thread id :140377427060480 | Source.cpp:1157
18:13:14.399957 29-8-119 | not a dummy message | ProcessThread() | thread id :140377427060480 | Source.cpp:1189
18:13:14.407255 29-8-119 | Thread getting inside loop  | ProcessThread() | thread id :140377427060480 | Source.cpp:1113
18:13:14.407715 29-8-119 | taking conditional lock  | ProcessThread() | thread id :140377427060480 | Source.cpp:1131
18:13:14.407715 29-8-119 | taking conditional lock  | ProcessThread() | thread id :140377427060480 | Source.cpp:1131
13
18:13:14.407337 29-8-119 | this is a new unique message | IsMessageUniqueSoAddToResenderStore() | thread id :140377452238592 | Source.cpp:1062
18:13:23.280806 29-8-119 |  packet with message identifier :  66031157223108804247694076bmt | RecieverThread() | thread id :140377460631296 | Source.cpp:675
18:13:23.281733 29-8-119 |  packet with data from  ABC | RecieverThread() | thread id :140377460631296 | Source.cpp:676
18:13:23.282399 29-8-119 |  packet with data from  1005 | RecieverThread() | thread id :140377460631296 | Source.cpp:677
18:13:23.282783 29-8-119 |  packet with current seqno  2 | RecieverThread() | thread id :140377460631296 | Source.cpp:678
18:13:23.283270 29-8-119 |  packet with last recieved seqno  2 | RecieverThread() | thread id :140377460631296 | Source.cpp:679
18:13:23.283668 29-8-119 | duplicate packet Rejction started and lesser seq no rejection  | RecieverThread() | thread id :140377460631296 | Source.cpp:700
18:13:23.284652 29-8-119 | DeleteMsgFromResenderStoreByUniqueIdentifier started | RecieverThread() | thread id :140377460631296 | Source.cpp:799
18:13:23.284857 29-8-119 | started deleting messages | DeleteMsgFromResenderStoreByUniqueIdentifier() | thread id :140377460631296 | Source.cpp:994
18:13:23.285616 29-8-119 | the seq no is  2  the LatestRecieved Seq no is  2  from user id and name  ABC   0 | DeleteMsgFromResenderStoreByUniqueIdentifier() | thread id :140377460631296 | Source.cpp:1007
18:13:23.286599 29-8-119 | 55292484498550412025725277jfp | DeleteMsgFromResenderStoreByUniqueIdentifier() | thread id :140377460631296 | Source.cpp:1011
18:13:23.287116 29-8-119 | deleting all lower seqno for user id 0 | DeleteMsgFromResenderStoreByUniqueIdentifier() | thread id :140377460631296 | Source.cpp:1015
18:13:23.287574 29-8-119 | 61319257091838512392540070rdg | DeleteMsgFromResenderStoreByUniqueIdentifier() | thread id :140377460631296 | Source.cpp:1011
18:13:23.288408 29-8-119 | finished deleting messages | DeleteMsgFromResenderStoreByUniqueIdentifier() | thread id :140377460631296 | Source.cpp:1042
18:13:23.288551 29-8-119 | unlocking mutex after conditional lock  | ProcessThread() | thread id :140377435453184 | Source.cpp:1133
18:13:23.289518 29-8-119 | Process fired | ProcessThread() | thread id :140377435453184 | Source.cpp:1153
18:13:23.290399 29-8-119 | the thread no is 724350720 hi  | ProcessThread() | thread id :140377435453184 | Source.cpp:1157
18:13:23.291021 29-8-119 | not a dummy message | ProcessThread() | thread id :140377435453184 | Source.cpp:1189
18:13:23.291471 29-8-119 | Thread getting inside loop  | ProcessThread() | thread id :140377435453184 | Source.cpp:1113
18:13:23.292442 29-8-119 | taking conditional lock  | ProcessThread() | thread id :140377435453184 | Source.cpp:1131
18:13:23.292442 29-8-119 | taking conditional lock  | ProcessThread() | thread id :140377435453184 | Source.cpp:1131
13
.291059 29-8-119 | this is a new unique message | IsMessageUniqueSoAddToResenderStore() | thread id :140377452238592 | Source.cpp:1062
18:13:23.294426 29-8-119 | Resending Message as no response received yet | IsMessageUniqueSoAddToResenderStore() | thread id :140377452238592 | Source.cpp:1055
18:13:23.309097 29-8-119 |  packet with message identifier :  66031157223108804247694076bmt | RecieverThread() | thread id :140377460631296 | Source.cpp:675
18:13:23.310019 29-8-119 |  packet with data from  ABC | RecieverThread() | thread id :140377460631296 | Source.cpp:676
18:13:23.310528 29-8-119 |  packet with data from  1009 | RecieverThread() | thread id :140377460631296 | Source.cpp:677
18:13:23.310995 29-8-119 |  packet with current seqno  0 | RecieverThread() | thread id :140377460631296 | Source.cpp:678
18:13:23.311971 29-8-119 |  packet with last recieved seqno  0 | RecieverThread() | thread id :140377460631296 | Source.cpp:679
18:13:23.312390 29-8-119 | duplicate packet Rejction started and lesser seq no rejection  | RecieverThread() | thread id :140377460631296 | Source.cpp:700
18:13:23.312977 29-8-119 | DeleteMsgFromResenderStoreByUniqueIdentifier started | RecieverThread() | thread id :140377460631296 | Source.cpp:799
18:13:23.313172 29-8-119 | started deleting messages | DeleteMsgFromResenderStoreByUniqueIdentifier() | thread id :140377460631296 | Source.cpp:994
18:13:23.314005 29-8-119 | the seq no is  0  the LatestRecieved Seq no is  0  from user id and name  ABC   1 | DeleteMsgFromResenderStoreByUniqueIdentifier() | thread id :140377460631296 | Source.cpp:1007
18:13:23.314824 29-8-119 | 61319257091838512392540070rdg | DeleteMsgFromResenderStoreByUniqueIdentifier() | thread id :140377460631296 | Source.cpp:1011
18:13:23.314924 29-8-119 | 66031157223108804247694076bmt | DeleteMsgFromResenderStoreByUniqueIdentifier() | thread id :140377460631296 | Source.cpp:1011
18:13:23.315882 29-8-119 | finished deleting messages | DeleteMsgFromResenderStoreByUniqueIdentifier() | thread id :140377460631296 | Source.cpp:1042
18:13:23.316852 29-8-119 | unlocking mutex after conditional lock  | ProcessThread() | thread id :140377410275072 | Source.cpp:1133
18:13:23.317832 29-8-119 | Process fired | ProcessThread() | thread id :140377410275072 | Source.cpp:1153
18:13:23.318824 29-8-119 | the thread no is 699172608   | ProcessThread() | thread id :140377410275072 | Source.cpp:1157
18:13:23.319778 29-8-119 | Delivery Handling  | ExecuteFunction() | thread id :140377410275072 | Source.cpp:544
18:13:23.323222 29-8-119 | not a dummy message | ProcessThread() | thread id :140377410275072 | Source.cpp:1189
18:13:23.323693 29-8-119 | Thread getting inside loop  | ProcessThread() | thread id :140377410275072 | Source.cpp:1113
18:13:23.324651 29-8-119 | taking conditional lock  | ProcessThread() | thread id :140377410275072 | Source.cpp:1131
18:13:23.324651 29-8-119 | taking conditional lock  | ProcessThread() | thread id :140377410275072 | Source.cpp:1131
13
.323260 29-8-119 | Resending Message as no response received yet | IsMessageUniqueSoAddToResenderStore() | thread id :140377452238592 | Source.cpp:1055
18:13:23.326579 29-8-119 | Resending Message as no response received yet | IsMessageUniqueSoAddToResenderStore() | thread id :140377452238592 | Source.cpp:1055
18:13:27.615585 29-8-119 |  packet with message identifier :  91405829399409997230157867xii | RecieverThread() | thread id :140377460631296 | Source.cpp:675
18:13:27.616414 29-8-119 |  packet with data from  QWE | RecieverThread() | thread id :140377460631296 | Source.cpp:676
18:13:27.617228 29-8-119 |  packet with data from  1005 | RecieverThread() | thread id :140377460631296 | Source.cpp:677
18:13:27.617536 29-8-119 |  packet with current seqno  2 | RecieverThread() | thread id :140377460631296 | Source.cpp:678
18:13:27.618187 29-8-119 |  packet with last recieved seqno  2 | RecieverThread() | thread id :140377460631296 | Source.cpp:679
18:13:27.618821 29-8-119 | duplicate packet Rejction started and lesser seq no rejection  | RecieverThread() | thread id :140377460631296 | Source.cpp:700
18:13:27.619192 29-8-119 | DeleteMsgFromResenderStoreByUniqueIdentifier started | RecieverThread() | thread id :140377460631296 | Source.cpp:799
18:13:27.619408 29-8-119 | started deleting messages | DeleteMsgFromResenderStoreByUniqueIdentifier() | thread id :140377460631296 | Source.cpp:994
18:13:27.619510 29-8-119 | the seq no is  2  the LatestRecieved Seq no is  2  from user id and name  QWE   1 | DeleteMsgFromResenderStoreByUniqueIdentifier() | thread id :140377460631296 | Source.cpp:1007
18:13:27.620154 29-8-119 | 61319257091838512392540070rdg | DeleteMsgFromResenderStoreByUniqueIdentifier() | thread id :140377460631296 | Source.cpp:1011
18:13:27.621108 29-8-119 | deleting all lower seqno for user id 1 | DeleteMsgFromResenderStoreByUniqueIdentifier() | thread id :140377460631296 | Source.cpp:1015
18:13:27.622084 29-8-119 | 66031157223108804247694076bmt | DeleteMsgFromResenderStoreByUniqueIdentifier() | thread id :140377460631296 | Source.cpp:1011
18:13:27.622819 29-8-119 | finished deleting messages | DeleteMsgFromResenderStoreByUniqueIdentifier() | thread id :140377460631296 | Source.cpp:1042
18:13:27.623067 29-8-119 | unlocking mutex after conditional lock  | ProcessThread() | thread id :140377418667776 | Source.cpp:1133
18:13:27.624038 29-8-119 | Process fired | ProcessThread() | thread id :140377418667776 | Source.cpp:1153
18:13:27.625010 29-8-119 | the thread no is 707565312 watsup  | ProcessThread() | thread id :140377418667776 | Source.cpp:1157
18:13:27.626014 29-8-119 | not a dummy message | ProcessThread() | thread id :140377418667776 | Source.cpp:1189
18:13:27.626125 29-8-119 | Thread getting inside loop  | ProcessThread() | thread id :140377418667776 | Source.cpp:1113
18:13:27.626215 29-8-119 | taking conditional lock  | ProcessThread() | thread id :140377418667776 | Source.cpp:1131
18:13:27.626215 29-8-119 | taking conditional lock  | ProcessThread() | thread id :140377418667776 | Source.cpp:1131
13
.626053 29-8-119 | this is a new unique message | IsMessageUniqueSoAddToResenderStore() | thread id :140377452238592 | Source.cpp:1062
18:13:27.626665 29-8-119 | Resending Message as no response received yet | IsMessageUniqueSoAddToResenderStore() | thread id :140377452238592 | Source.cpp:1055
18:13:27.636810 29-8-119 |  packet with message identifier :  91405829399409997230157867xii | RecieverThread() | thread id :140377460631296 | Source.cpp:675
18:13:27.637714 29-8-119 |  packet with data from  QWE | RecieverThread() | thread id :140377460631296 | Source.cpp:676
18:13:27.638682 29-8-119 |  packet with data from  1009 | RecieverThread() | thread id :140377460631296 | Source.cpp:677
18:13:27.639210 29-8-119 |  packet with current seqno  0 | RecieverThread() | thread id :140377460631296 | Source.cpp:678
18:13:27.639658 29-8-119 |  packet with last recieved seqno  0 | RecieverThread() | thread id :140377460631296 | Source.cpp:679
18:13:27.640631 29-8-119 | duplicate packet Rejction started and lesser seq no rejection  | RecieverThread() | thread id :140377460631296 | Source.cpp:700
18:13:27.641623 29-8-119 | DeleteMsgFromResenderStoreByUniqueIdentifier started | RecieverThread() | thread id :140377460631296 | Source.cpp:799
18:13:27.641820 29-8-119 | started deleting messages | DeleteMsgFromResenderStoreByUniqueIdentifier() | thread id :140377460631296 | Source.cpp:994
18:13:27.642585 29-8-119 | the seq no is  0  the LatestRecieved Seq no is  0  from user id and name  QWE   0 | DeleteMsgFromResenderStoreByUniqueIdentifier() | thread id :140377460631296 | Source.cpp:1007
18:13:27.643115 29-8-119 | 66031157223108804247694076bmt | DeleteMsgFromResenderStoreByUniqueIdentifier() | thread id :140377460631296 | Source.cpp:1011
18:13:27.643555 29-8-119 | 91405829399409997230157867xii | DeleteMsgFromResenderStoreByUniqueIdentifier() | thread id :140377460631296 | Source.cpp:1011
18:13:27.644511 29-8-119 | finished deleting messages | DeleteMsgFromResenderStoreByUniqueIdentifier() | thread id :140377460631296 | Source.cpp:1042
18:13:27.645513 29-8-119 | unlocking mutex after conditional lock  | ProcessThread() | thread id :140377427060480 | Source.cpp:1133
18:13:27.646486 29-8-119 | Process fired | ProcessThread() | thread id :140377427060480 | Source.cpp:1153
18:13:27.647005 29-8-119 | the thread no is 715958016   | ProcessThread() | thread id :140377427060480 | Source.cpp:1157
18:13:27.647474 29-8-119 | Delivery Handling  | ExecuteFunction() | thread id :140377427060480 | Source.cpp:544
18:13:27.648453 29-8-119 | not a dummy message | ProcessThread() | thread id :140377427060480 | Source.cpp:1189
18:13:27.648619 29-8-119 | Thread getting inside loop  | ProcessThread() | thread id :140377427060480 | Source.cpp:1113
18:13:27.649446 29-8-119 | taking conditional lock  | ProcessThread() | thread id :140377427060480 | Source.cpp:1131
18:13:27.649446 29-8-119 | taking conditional lock  | ProcessThread() | thread id :140377427060480 | Source.cpp:1131
13
.648484 29-8-119 | Resending Message as no response received yet | IsMessageUniqueSoAddToResenderStore() | thread id :140377452238592 | Source.cpp:1055
18:13:27.651132 29-8-119 | Resending Message as no response received yet | IsMessageUniqueSoAddToResenderStore() | thread id :140377452238592 | Source.cpp:1055
18:13:36.115702 29-8-119 | Doing Cleanup | CleanUp() | thread id :140377479407424 | Source.cpp:159
18:13:36.115951 29-8-119 | message code :  1007, Identifier :  1, data : hi 
 | CleanUp() | thread id :140377479407424 | Source.cpp:225
18:13:36.116452 29-8-119 | message code :  1007, Identifier :  0, data : watsup 
 | CleanUp() | thread id :140377479407424 | Source.cpp:225
18:13:36.116452 29-8-119 | message code :  1007, Identifier :  0, data : watsup 
 | CleanUp() | thread id :140377479407424 | Source.cpp:225
3:36.116015 29-8-119 |  packet with message identifier :   | RecieverThread() | thread id :140377460631296 | Source.cpp:675
18:13:36.116766 29-8-119 |  packet with data from   | RecieverThread() | thread id :140377460631296 | Source.cpp:676
18:13:36.117426 29-8-119 |  packet with data from  0 | RecieverThread() | thread id :140377460631296 | Source.cpp:677
18:13:36.118401 29-8-119 |  packet with current seqno  0 | RecieverThread() | thread id :140377460631296 | Source.cpp:678
18:13:36.118938 29-8-119 |  packet with last recieved seqno  0 | RecieverThread() | thread id :140377460631296 | Source.cpp:679
18:13:36.119363 29-8-119 | duplicate packet Rejction started and lesser seq no rejection  | RecieverThread() | thread id :140377460631296 | Source.cpp:700
18:13:36.120376 29-8-119 | DeleteMsgFromResenderStoreByUniqueIdentifier started | RecieverThread() | thread id :140377460631296 | Source.cpp:799
18:13:36.120611 29-8-119 | started deleting messages | DeleteMsgFromResenderStoreByUniqueIdentifier() | thread id :140377460631296 | Source.cpp:994
18:13:36.121391 29-8-119 | the seq no is  0  the LatestRecieved Seq no is  0  from user id and name     0 | DeleteMsgFromResenderStoreByUniqueIdentifier() | thread id :140377460631296 | Source.cpp:1007
18:13:36.122289 29-8-119 | 66031157223108804247694076bmt | DeleteMsgFromResenderStoreByUniqueIdentifier() | thread id :140377460631296 | Source.cpp:1011
18:13:36.122834 29-8-119 | 91405829399409997230157867xii | DeleteMsgFromResenderStoreByUniqueIdentifier() | thread id :140377460631296 | Source.cpp:1011
18:13:36.123272 29-8-119 | finished deleting messages | DeleteMsgFromResenderStoreByUniqueIdentifier() | thread id :140377460631296 | Source.cpp:1042
18:13:36.123272 29-8-119 | finished deleting messages | DeleteMsgFromResenderStoreByUniqueIdentifier() | thread id :140377460631296 | Source.cpp:1042
11
) | thread id :140377460631296 | Source.cpp:1007
| thread id :140377435453184 | Source.cpp:1133
18:13:36.124790 29-8-119 | taking conditional lock  | ProcessThread() | thread id :140377435453184 | Source.cpp:1131
18:13:36.125262 29-8-119 | unlocking mutex after conditional lock  | ProcessThread() | thread id :140377410275072 | Source.cpp:1133
18:13:36.126248 29-8-119 | taking conditional lock  | ProcessThread() | thread id :140377410275072 | Source.cpp:1131
18:13:36.126868 29-8-119 | unlocking mutex after conditional lock  | ProcessThread() | thread id :140377418667776 | Source.cpp:1133
18:13:36.127184 29-8-119 | taking conditional lock  | ProcessThread() | thread id :140377418667776 | Source.cpp:1131
18:13:36.128139 29-8-119 | unlocking mutex after conditional lock  | ProcessThread() | thread id :140377427060480 | Source.cpp:1133
18:13:36.129111 29-8-119 | taking conditional lock  | ProcessThread() | thread id :140377427060480 | Source.cpp:1131
18:13:36.130116 29-8-119 | unlocking mutex after conditional lock  | ProcessThread() | thread id :140377435453184 | Source.cpp:1133
18:13:36.130802 29-8-119 | Process fired | ProcessThread() | thread id :140377435453184 | Source.cpp:1153
18:13:36.131090 29-8-119 | the thread no is 724350720   | ProcessThread() | thread id :140377435453184 | Source.cpp:1157
18:13:36.133102 29-8-119 | invalid or dummy message code | ExecuteFunction() | thread id :140377435453184 | Source.cpp:571
18:13:36.133253 29-8-119 | not a dummy message | ProcessThread() | thread id :140377435453184 | Source.cpp:1189
18:13:36.133337 29-8-119 | Invalid case | GetResponseForFunction() | thread id :140377435453184 | Source.cpp:631
18:13:36.133411 29-8-119 | wrong response code 0 | ProcessThread() | thread id :140377435453184 | Source.cpp:1193
