18:12:58.164684 29-8-119 | lstData.nGlobalIdentifier is set as 0 
 | PreSender() | thread id :140290836711232 | client.cpp:820
18:12:58.171045 29-8-119 | iterator time 1569760988 
 | CheckResponse() | thread id :140290801149696 | client.cpp:288
18:12:58.171520 29-8-119 | current time 1569760978 
 | CheckResponse() | thread id :140290801149696 | client.cpp:289
18:13:8.36372 29-8-119 | 33691574464778456725623052zgi 
 | main() | thread id :140290836711232 | client.cpp:1243
18:13:8.36372 29-8-119 | 33691574464778456725623052zgi 
 | main() | thread id :140290836711232 | client.cpp:1243
18:13:8.36394 29-8-119 | Releasing sender lock 629 
 | SenderThread() | thread id :140290809542400 | client.cpp:629
18:13:8.59646 29-8-119 | response recieved now erasing from resender store early
 | RecieverThread() | thread id :140290817935104 | client.cpp:763
18:13:8.60617 29-8-119 | data being removed for QWE mesage code 1001 seqno 0 current latestseqno 0 
 | RecieverThread() | thread id :140290817935104 | client.cpp:764
18:13:8.61601 29-8-119 | response recieved 1 
 | ExecuteResponse() | thread id :140290817935104 | client.cpp:399
18:13:8.62562 29-8-119 | Identifier Registered QWE 
 | ExecuteResponse() | thread id :140290817935104 | client.cpp:400
18:13:8.63093 29-8-119 | Server : 1002
 | RecieverThread() | thread id :140290817935104 | client.cpp:807
18:13:8.66948 29-8-119 | lstData.nGlobalIdentifier is set as 1 
 | PreSender() | thread id :140290836711232 | client.cpp:820
18:13:8.75236 29-8-119 | Registering message sent.
 | PreSender() | thread id :140290836711232 | client.cpp:848
18:13:14.376624 29-8-119 | 61319257091838512392540070rdg 
 | main() | thread id :140290836711232 | client.cpp:1243
18:13:14.387188 29-8-119 | Releasing sender lock 629 
 | SenderThread() | thread id :140290809542400 | client.cpp:629
18:13:14.409736 29-8-119 | response recieved now erasing from resender store early
 | RecieverThread() | thread id :140290817935104 | client.cpp:763
18:13:14.410659 29-8-119 | data being removed for QWE mesage code 1003 seqno 1 current latestseqno 1 
 | RecieverThread() | thread id :140290817935104 | client.cpp:764
18:13:14.411208 29-8-119 | target fixed 
 | ExecuteResponse() | thread id :140290817935104 | client.cpp:409
18:13:14.411620 29-8-119 | Server : 1004
 | RecieverThread() | thread id :140290817935104 | client.cpp:807
18:13:19.415281 29-8-119 | lstData.nGlobalIdentifier is set as 1 
 | PreSender() | thread id :140290836711232 | client.cpp:820
18:13:23.294457 29-8-119 | sending delivery data message to sender threada 
 | ExecuteResponse() | thread id :140290817935104 | client.cpp:440
18:13:23.294562 29-8-119 | Server : 1007
 | RecieverThread() | thread id :140290817935104 | client.cpp:807
18:13:23.294562 29-8-119 | Server : 1007
 | RecieverThread() | thread id :140290817935104 | client.cpp:807
18:13:23.294592 29-8-119 | Releasing sender lock 629 
 | SenderThread() | thread id :140290809542400 | client.cpp:629
18:13:23.308094 29-8-119 | sending data delivery; 5 
 | SenderThread() | thread id :140290809542400 | client.cpp:637
18:13:23.326596 29-8-119 | response recieved now erasing from resender store early
 | RecieverThread() | thread id :140290817935104 | client.cpp:763
18:13:23.326746 29-8-119 | data being removed for ABC mesage code 1009 seqno 0 current latestseqno 0 
 | RecieverThread() | thread id :140290817935104 | client.cpp:764
18:13:23.327276 29-8-119 | msg delivered 
 | ExecuteResponse() | thread id :140290817935104 | client.cpp:452
18:13:23.327590 29-8-119 | 
 ABC :  
 | ExecuteResponse() | thread id :140290817935104 | client.cpp:453
18:13:23.328582 29-8-119 | Server : 1011
 | RecieverThread() | thread id :140290817935104 | client.cpp:807
18:13:23.329459 29-8-119 | delivery mesage reachd server 
 | ExecuteResponse() | thread id :140290817935104 | client.cpp:460
18:13:23.330525 29-8-119 | Server : 1010
 | RecieverThread() | thread id :140290817935104 | client.cpp:807
18:13:27.609570 29-8-119 | 91405829399409997230157867xii 
 | main() | thread id :140290836711232 | client.cpp:1243
18:13:27.609814 29-8-119 | lstData.nGlobalIdentifier is set as 1 
 | PreSender() | thread id :140290836711232 | client.cpp:820
18:13:27.609570 29-8-119 | Releasing sender lock 629 
 | SenderThread() | thread id :140290809542400 | client.cpp:629
18:13:27.627089 29-8-119 | chat sent 
 | ExecuteResponse() | thread id :140290817935104 | client.cpp:466
18:13:27.628105 29-8-119 | Server : 1006
 | RecieverThread() | thread id :140290817935104 | client.cpp:807
