18:12:51.268938 29-8-119 | lstData.nGlobalIdentifier is set as 0 
 | PreSender() | thread id :140330050635584 | client.cpp:820
18:13:4.930999 29-8-119 | 54519080196094248250845270hxr 
 | main() | thread id :140330050635584 | client.cpp:1243
18:13:4.930999 29-8-119 | 54519080196094248250845270hxr 
 | main() | thread id :140330050635584 | client.cpp:1243
18:13:4.931040 29-8-119 | Releasing sender lock 629 
 | SenderThread() | thread id :140330023466752 | client.cpp:629
18:13:4.959793 29-8-119 | response recieved now erasing from resender store early
 | RecieverThread() | thread id :140330031859456 | client.cpp:763
18:13:4.960754 29-8-119 | data being removed for ABC mesage code 1001 seqno 0 current latestseqno 0 
 | RecieverThread() | thread id :140330031859456 | client.cpp:764
18:13:4.961766 29-8-119 | response recieved 0 
 | ExecuteResponse() | thread id :140330031859456 | client.cpp:399
18:13:4.962711 29-8-119 | Identifier Registered ABC 
 | ExecuteResponse() | thread id :140330031859456 | client.cpp:400
18:13:4.963251 29-8-119 | Server : 1002
 | RecieverThread() | thread id :140330031859456 | client.cpp:807
18:13:4.963717 29-8-119 | lstData.nGlobalIdentifier is set as 0 
 | PreSender() | thread id :140330050635584 | client.cpp:820
18:13:4.963869 29-8-119 | Registering message sent.
 | PreSender() | thread id :140330050635584 | client.cpp:848
18:13:11.848457 29-8-119 | 55292484498550412025725277jfp 
 | main() | thread id :140330050635584 | client.cpp:1243
18:13:11.854919 29-8-119 | Releasing sender lock 629 
 | SenderThread() | thread id :140330023466752 | client.cpp:629
18:13:11.880549 29-8-119 | response recieved now erasing from resender store early
 | RecieverThread() | thread id :140330031859456 | client.cpp:763
18:13:11.880810 29-8-119 | data being removed for ABC mesage code 1003 seqno 1 current latestseqno 1 
 | RecieverThread() | thread id :140330031859456 | client.cpp:764
18:13:11.881766 29-8-119 | target fixed 
 | ExecuteResponse() | thread id :140330031859456 | client.cpp:409
18:13:11.882318 29-8-119 | Server : 1004
 | RecieverThread() | thread id :140330031859456 | client.cpp:807
18:13:16.891663 29-8-119 | lstData.nGlobalIdentifier is set as 0 
 | PreSender() | thread id :140330050635584 | client.cpp:820
18:13:23.276029 29-8-119 | 66031157223108804247694076bmt 
 | main() | thread id :140330050635584 | client.cpp:1243
18:13:23.276255 29-8-119 | lstData.nGlobalIdentifier is set as 0 
 | PreSender() | thread id :140330050635584 | client.cpp:820
18:13:23.279321 29-8-119 | Releasing sender lock 629 
 | SenderThread() | thread id :140330023466752 | client.cpp:629
18:13:23.294637 29-8-119 | chat sent 
 | ExecuteResponse() | thread id :140330031859456 | client.cpp:466
18:13:23.294717 29-8-119 | Server : 1006
 | RecieverThread() | thread id :140330031859456 | client.cpp:807
18:13:27.626418 29-8-119 | sending delivery data message to sender threada 
 | ExecuteResponse() | thread id :140330031859456 | client.cpp:440
18:13:27.626616 29-8-119 | Server : 1007
 | RecieverThread() | thread id :140330031859456 | client.cpp:807
18:13:27.635279 29-8-119 | Releasing sender lock 629 
 | SenderThread() | thread id :140330023466752 | client.cpp:629
18:13:27.636535 29-8-119 | sending data delivery; 5 
 | SenderThread() | thread id :140330023466752 | client.cpp:637
18:13:27.651058 29-8-119 | response recieved now erasing from resender store early
 | RecieverThread() | thread id :140330031859456 | client.cpp:763
18:13:27.651242 29-8-119 | data being removed for QWE mesage code 1009 seqno 0 current latestseqno 0 
 | RecieverThread() | thread id :140330031859456 | client.cpp:764
18:13:27.651388 29-8-119 | msg delivered 
 | ExecuteResponse() | thread id :140330031859456 | client.cpp:452
18:13:27.652395 29-8-119 | 
 QWE :  
 | ExecuteResponse() | thread id :140330031859456 | client.cpp:453
18:13:27.652753 29-8-119 | Server : 1011
 | RecieverThread() | thread id :140330031859456 | client.cpp:807
18:13:27.653374 29-8-119 | delivery mesage reachd server 
 | ExecuteResponse() | thread id :140330031859456 | client.cpp:460
18:13:27.654351 29-8-119 | Server : 1010
 | RecieverThread() | thread id :140330031859456 | client.cpp:807
